0 info it worked if it ends with ok
1 verbose cli [ '/usr/local/bin/node', '/usr/local/bin/npm', 'start' ]
2 info using npm@3.3.12
3 info using node@v5.4.1
4 verbose run-script [ 'prestart', 'start', 'poststart' ]
5 info lifecycle link-hunt@0.0.0~prestart: link-hunt@0.0.0
6 silly lifecycle link-hunt@0.0.0~prestart: no script for prestart, continuing
7 info lifecycle link-hunt@0.0.0~start: link-hunt@0.0.0
8 verbose lifecycle link-hunt@0.0.0~start: unsafe-perm in lifecycle true
9 verbose lifecycle link-hunt@0.0.0~start: PATH: /usr/local/lib/node_modules/npm/bin/node-gyp-bin:/Users/shanedewael/Development/labs/link-hunt/node_modules/.bin:/Users/shanedewael/.rvm/gems/ruby-2.1.2/bin:/Users/shanedewael/.rvm/gems/ruby-2.1.2@global/bin:/Users/shanedewael/.rvm/rubies/ruby-2.1.2/bin:/usr/local/heroku/bin:/Users/shanedewael/bin:/usr/local/bin:/usr/local/bin:/usr/bin:/bin:/usr/sbin:/sbin:/opt/X11/bin:/usr/local/git/bin:/Users/shanedewael/pebble-dev/PebbleSDK-current/bin:/usr/local/heroku/bin:/Users/shanedewael/.rvm/gems/ruby-2.1.5/bin:/Users/shanedewael/.rvm/gems/ruby-2.1.5@global/bin:/Users/shanedewael/.rvm/rubies/ruby-2.1.5/bin:/Users/shanedewael/.rbenv/shims:/Users/shanedewael/.rbenv/shims:/Users/shanedewael/.rbenv/bin:/usr/local/bin:/usr/bin:/bin:/usr/sbin:/sbin:/usr/local/git/bin:/Users/shanedewael/.rvm/bin:/Library/Frameworks/Python.framework/Versions/3.4/bin:/usr/local/bin:/usr/bin:/bin:/usr/sbin:/sbin:/opt/X11/bin:/usr/local/git/bin:/Users/shanedewael/pebble-dev/PebbleSDK-current/bin:/usr/local/heroku/bin:/Users/shanedewael/.rvm/gems/ruby-2.1.5/bin:/Users/shanedewael/.rvm/gems/ruby-2.1.5@global/bin:/Users/shanedewael/.rvm/rubies/ruby-2.1.5/bin:/Users/shanedewael/.rbenv/shims:/Users/shanedewael/.rbenv/shims:/Users/shanedewael/.rbenv/bin:/usr/local/bin:/usr/bin:/bin:/usr/sbin:/sbin:/usr/local/git/bin:/Users/shanedewael/.rvm/bin:/Applications/Postgres.app/Contents/Versions/9.4/bin:/Users/shanedewael/.rvm/bin
10 verbose lifecycle link-hunt@0.0.0~start: CWD: /Users/shanedewael/Development/labs/link-hunt
11 silly lifecycle link-hunt@0.0.0~start: Args: [ '-c', 'node ./bin/www' ]
12 silly lifecycle link-hunt@0.0.0~start: Returned: code: 1  signal: null
13 info lifecycle link-hunt@0.0.0~start: Failed to exec start script
14 verbose stack Error: link-hunt@0.0.0 start: `node ./bin/www`
14 verbose stack Exit status 1
14 verbose stack     at EventEmitter.<anonymous> (/usr/local/lib/node_modules/npm/lib/utils/lifecycle.js:232:16)
14 verbose stack     at emitTwo (events.js:87:13)
14 verbose stack     at EventEmitter.emit (events.js:172:7)
14 verbose stack     at ChildProcess.<anonymous> (/usr/local/lib/node_modules/npm/lib/utils/spawn.js:24:14)
14 verbose stack     at emitTwo (events.js:87:13)
14 verbose stack     at ChildProcess.emit (events.js:172:7)
14 verbose stack     at maybeClose (internal/child_process.js:821:16)
14 verbose stack     at Process.ChildProcess._handle.onexit (internal/child_process.js:211:5)
15 verbose pkgid link-hunt@0.0.0
16 verbose cwd /Users/shanedewael/Development/labs/link-hunt
17 error Darwin 15.4.0
18 error argv "/usr/local/bin/node" "/usr/local/bin/npm" "start"
19 error node v5.4.1
20 error npm  v3.3.12
21 error code ELIFECYCLE
22 error link-hunt@0.0.0 start: `node ./bin/www`
22 error Exit status 1
23 error Failed at the link-hunt@0.0.0 start script 'node ./bin/www'.
23 error Make sure you have the latest version of node.js and npm installed.
23 error If you do, this is most likely a problem with the link-hunt package,
23 error not with npm itself.
23 error Tell the author that this fails on your system:
23 error     node ./bin/www
23 error You can get their info via:
23 error     npm owner ls link-hunt
23 error There is likely additional logging output above.
24 verbose exit [ 1, true ]
